<?xml version="1.0" encoding="UTF-8"?>
<!-- Generated by org.testng.reporters.JUnitReportReporter -->
<testsuite hostname="Dhinesh-PC" failures="0" tests="1" name="testCases.AccRegTest" time="3.801" errors="0" timestamp="2024-10-17T14:33:35 IST" skipped="0">
  <testcase classname="testCases.AccRegTest" name="newAccRegTest" time="3.801"/>
  <system-out/>
</testsuite> <!-- testCases.AccRegTest -->
