<?xml version="1.0" encoding="UTF-8"?>
<!-- Generated by org.testng.reporters.JUnitReportReporter -->
<testsuite hostname="gvig-macbookpro1.roam.corp.google.com" failures="0" tests="1" name="testCases.NewAccRegTest" time="12.956" errors="0" timestamp="2024-09-01T08:41:27 IST" skipped="0">
  <testcase classname="testCases.NewAccRegTest" name="AccRegTest" time="12.956"/>
</testsuite> <!-- testCases.NewAccRegTest -->
