<?xml version="1.0" encoding="UTF-8"?>
<!-- Generated by org.testng.reporters.JUnitReportReporter -->
<testsuite hostname="Dhinesh-PC" failures="0" tests="2" name="testCases.LoginTest" time="28.286" errors="0" timestamp="2024-10-17T14:33:35 IST" skipped="0">
  <testcase classname="testCases.LoginTest" name="verifyLogin" time="21.518"/>
  <system-out/>
  <testcase classname="testCases.LoginTest" name="verifyLogin" time="6.768"/>
  <system-out/>
</testsuite> <!-- testCases.LoginTest -->
