<?xml version="1.0" encoding="UTF-8"?>
<!-- Generated by org.testng.reporters.JUnitReportReporter -->
<testsuite hostname="gvig-macbookpro1.roam.corp.google.com" failures="0" tests="2" name="testCases.LoginTest" time="22.691" errors="0" timestamp="2024-09-08T14:24:05 IST" skipped="0">
  <testcase classname="testCases.LoginTest" name="verifyLogin" time="20.764"/>
  <testcase classname="testCases.LoginTest" name="verifyLogin" time="1.927"/>
</testsuite> <!-- testCases.LoginTest -->
