<?xml version="1.0" encoding="UTF-8"?>
<!-- Generated by org.testng.reporters.JUnitReportReporter -->
<testsuite hostname="gvig-macbookpro1.roam.corp.google.com" failures="0" tests="1" name="testCases.AccRegTest" time="1.837" errors="0" timestamp="2024-09-08T14:24:05 IST" skipped="0">
  <testcase classname="testCases.AccRegTest" name="newAccRegTest" time="1.837"/>
</testsuite> <!-- testCases.AccRegTest -->
